c:\users\wesle\desktop\cs-330\scene-lighting\cs330-showcaseapp\x64\debug\vc143.pdb
c:\users\wesle\desktop\cs-330\scene-lighting\cs330-showcaseapp\x64\debug\vc143.idb
c:\users\wesle\desktop\cs-330\scene-lighting\cs330-showcaseapp\x64\debug\glad.obj
c:\users\wesle\desktop\cs-330\scene-lighting\cs330-showcaseapp\x64\debug\texture.obj
c:\users\wesle\desktop\cs-330\scene-lighting\cs330-showcaseapp\x64\debug\shader.obj
c:\users\wesle\desktop\cs-330\scene-lighting\cs330-showcaseapp\x64\debug\model.obj
c:\users\wesle\desktop\cs-330\scene-lighting\cs330-showcaseapp\x64\debug\mesh.obj
c:\users\wesle\desktop\cs-330\scene-lighting\cs330-showcaseapp\x64\debug\main.obj
c:\users\wesle\desktop\cs-330\scene-lighting\cs330-showcaseapp\x64\debug\camera.obj
c:\users\wesle\desktop\cs-330\scene-lighting\cs330-showcaseapp\x64\debug\application.obj
c:\users\wesle\desktop\cs-330\scene-lighting\cs330-showcaseapp\x64\debug\stb.obj
c:\users\wesle\desktop\cs-330\scene-lighting\cs330-showcaseapp\x64\debug\cs330-showcaseapp.ilk
c:\users\wesle\desktop\cs-330\scene-lighting\x64\debug\cs330-showcaseapp.exe
c:\users\wesle\desktop\cs-330\scene-lighting\x64\debug\cs330-showcaseapp.pdb
c:\users\wesle\desktop\cs-330\scene-lighting\cs330-showcaseapp\x64\debug\cs330-sh.e8a38455.tlog\cl.command.1.tlog
c:\users\wesle\desktop\cs-330\scene-lighting\cs330-showcaseapp\x64\debug\cs330-sh.e8a38455.tlog\cl.items.tlog
c:\users\wesle\desktop\cs-330\scene-lighting\cs330-showcaseapp\x64\debug\cs330-sh.e8a38455.tlog\cl.read.1.tlog
c:\users\wesle\desktop\cs-330\scene-lighting\cs330-showcaseapp\x64\debug\cs330-sh.e8a38455.tlog\cl.write.1.tlog
c:\users\wesle\desktop\cs-330\scene-lighting\cs330-showcaseapp\x64\debug\cs330-sh.e8a38455.tlog\link.command.1.tlog
c:\users\wesle\desktop\cs-330\scene-lighting\cs330-showcaseapp\x64\debug\cs330-sh.e8a38455.tlog\link.read.1.tlog
c:\users\wesle\desktop\cs-330\scene-lighting\cs330-showcaseapp\x64\debug\cs330-sh.e8a38455.tlog\link.write.1.tlog
